[0m19:49:59.747963 [debug] [MainThread]: Sending event: {'category': 'dbt', 'action': 'invocation', 'label': 'start', 'context': [<snowplow_tracker.self_describing_json.SelfDescribingJson object at 0x000001D6590E91D0>, <snowplow_tracker.self_describing_json.SelfDescribingJson object at 0x000001D6590E9190>, <snowplow_tracker.self_describing_json.SelfDescribingJson object at 0x000001D6590BF950>]}


============================== 19:49:59.750963 | 382935e2-36e4-4643-a661-6c41470f7412 ==============================
[0m19:49:59.750963 [info ] [MainThread]: Running with dbt=1.11.2
[0m19:49:59.751963 [debug] [MainThread]: running dbt with arguments {'static_parser': 'True', 'no_print': 'None', 'version_check': 'True', 'warn_error_options': 'WarnErrorOptionsV2(error=[], warn=[], silence=[])', 'target_path': 'None', 'printer_width': '80', 'write_json': 'True', 'empty': 'None', 'log_cache_events': 'False', 'introspect': 'True', 'cache_selected_only': 'False', 'fail_fast': 'False', 'debug': 'False', 'log_format': 'default', 'profiles_dir': 'C:\\Users\\raaid\\.dbt', 'send_anonymous_usage_stats': 'True', 'quiet': 'False', 'warn_error': 'None', 'partial_parse': 'True', 'indirect_selection': 'eager', 'invocation_command': 'dbt init --skip-profile-setup airbnb', 'use_colors': 'True', 'use_experimental_parser': 'False', 'log_path': 'logs'}
[0m19:50:00.067120 [info ] [MainThread]: Creating dbt configuration folder at C:\Users\raaid\.dbt
[0m19:50:00.084146 [debug] [MainThread]: Starter project path: D:\Extras\Data Warehousing\The Complete dbt (Data Build Tool) Bootcamp - Zero to Hero - Udemy\Working Folder\dbt-working-repo-udemy\.venv\Lib\site-packages\dbt\include\starter_project
[0m19:50:00.178743 [info ] [MainThread]: 
Your new dbt project "airbnb" was created!

For more information on how to configure the profiles.yml file,
please consult the dbt documentation here:

  https://docs.getdbt.com/docs/configure-your-profile

One more thing:

Need help? Don't hesitate to reach out to us via GitHub issues or on Slack:

  https://community.getdbt.com/

Happy modeling!

[0m19:50:00.185737 [debug] [MainThread]: Command `dbt init` succeeded at 19:50:00.185737 after 0.50 seconds
[0m19:50:00.187738 [debug] [MainThread]: Sending event: {'category': 'dbt', 'action': 'invocation', 'label': 'end', 'context': [<snowplow_tracker.self_describing_json.SelfDescribingJson object at 0x000001D65C964A50>, <snowplow_tracker.self_describing_json.SelfDescribingJson object at 0x000001D655BD8CD0>, <snowplow_tracker.self_describing_json.SelfDescribingJson object at 0x000001D655DB75D0>]}
[0m19:50:00.188740 [debug] [MainThread]: Flushing usage events
[0m19:50:01.486859 [debug] [MainThread]: An error was encountered while trying to flush usage events
[0m19:55:26.975228 [debug] [MainThread]: Sending event: {'category': 'dbt', 'action': 'invocation', 'label': 'start', 'context': [<snowplow_tracker.self_describing_json.SelfDescribingJson object at 0x00000114C8898490>, <snowplow_tracker.self_describing_json.SelfDescribingJson object at 0x00000114C8B71ED0>, <snowplow_tracker.self_describing_json.SelfDescribingJson object at 0x00000114C8B73190>]}


============================== 19:55:26.978285 | 523834cd-ada2-46fc-87e5-8432cfda3232 ==============================
[0m19:55:26.978285 [info ] [MainThread]: Running with dbt=1.11.2
[0m19:55:26.979290 [debug] [MainThread]: running dbt with arguments {'static_parser': 'True', 'no_print': 'None', 'version_check': 'True', 'target_path': 'None', 'warn_error_options': 'WarnErrorOptionsV2(error=[], warn=[], silence=[])', 'printer_width': '80', 'write_json': 'True', 'introspect': 'True', 'log_cache_events': 'False', 'empty': 'None', 'cache_selected_only': 'False', 'fail_fast': 'False', 'debug': 'False', 'log_format': 'default', 'profiles_dir': 'C:\\Users\\raaid\\.dbt', 'send_anonymous_usage_stats': 'True', 'quiet': 'False', 'warn_error': 'None', 'partial_parse': 'True', 'indirect_selection': 'eager', 'use_colors': 'True', 'invocation_command': 'dbt debug', 'use_experimental_parser': 'False', 'log_path': 'logs'}
[0m19:55:27.016281 [info ] [MainThread]: dbt version: 1.11.2
[0m19:55:27.017282 [info ] [MainThread]: python version: 3.11.5
[0m19:55:27.017282 [info ] [MainThread]: python path: D:\Extras\Data Warehousing\The Complete dbt (Data Build Tool) Bootcamp - Zero to Hero - Udemy\Working Folder\dbt-working-repo-udemy\.venv\Scripts\python.exe
[0m19:55:27.018279 [info ] [MainThread]: os info: Windows-10-10.0.26200-SP0
[0m19:55:27.018279 [info ] [MainThread]: Using profiles dir at C:\Users\raaid\.dbt
[0m19:55:27.019279 [info ] [MainThread]: Using profiles.yml file at C:\Users\raaid\.dbt\profiles.yml
[0m19:55:27.019279 [info ] [MainThread]: Using dbt_project.yml file at D:\Extras\Data Warehousing\The Complete dbt (Data Build Tool) Bootcamp - Zero to Hero - Udemy\Working Folder\dbt-working-repo-udemy\dbt_project.yml
[0m19:55:27.019279 [info ] [MainThread]: Configuration:
[0m19:55:27.020278 [info ] [MainThread]:   profiles.yml file [[31mERROR not found[0m]
[0m19:55:27.020278 [info ] [MainThread]:   dbt_project.yml file [[31mERROR not found[0m]
[0m19:55:27.021280 [info ] [MainThread]: Required dependencies:
[0m19:55:27.021280 [debug] [MainThread]: Executing "git --help"
[0m19:55:27.052790 [debug] [MainThread]: STDOUT: "b"usage: git [-v | --version] [-h | --help] [-C <path>] [-c <name>=<value>]\n           [--exec-path[=<path>]] [--html-path] [--man-path] [--info-path]\n           [-p | --paginate | -P | --no-pager] [--no-replace-objects] [--no-lazy-fetch]\n           [--no-optional-locks] [--no-advice] [--bare] [--git-dir=<path>]\n           [--work-tree=<path>] [--namespace=<name>] [--config-env=<name>=<envvar>]\n           <command> [<args>]\n\nThese are common Git commands used in various situations:\n\nstart a working area (see also: git help tutorial)\n   clone      Clone a repository into a new directory\n   init       Create an empty Git repository or reinitialize an existing one\n\nwork on the current change (see also: git help everyday)\n   add        Add file contents to the index\n   mv         Move or rename a file, a directory, or a symlink\n   restore    Restore working tree files\n   rm         Remove files from the working tree and from the index\n\nexamine the history and state (see also: git help revisions)\n   bisect     Use binary search to find the commit that introduced a bug\n   diff       Show changes between commits, commit and working tree, etc\n   grep       Print lines matching a pattern\n   log        Show commit logs\n   show       Show various types of objects\n   status     Show the working tree status\n\ngrow, mark and tweak your common history\n   backfill   Download missing objects in a partial clone\n   branch     List, create, or delete branches\n   commit     Record changes to the repository\n   merge      Join two or more development histories together\n   rebase     Reapply commits on top of another base tip\n   reset      Reset current HEAD to the specified state\n   switch     Switch branches\n   tag        Create, list, delete or verify a tag object signed with GPG\n\ncollaborate (see also: git help workflows)\n   fetch      Download objects and refs from another repository\n   pull       Fetch from and integrate with another repository or a local branch\n   push       Update remote refs along with associated objects\n\n'git help -a' and 'git help -g' list available subcommands and some\nconcept guides. See 'git help <command>' or 'git help <concept>'\nto read about a specific subcommand or concept.\nSee 'git help git' for an overview of the system.\n""
[0m19:55:27.053797 [debug] [MainThread]: STDERR: "b''"
[0m19:55:27.053797 [info ] [MainThread]:  - git [[32mOK found[0m]

[0m19:55:27.054795 [info ] [MainThread]: Connection test skipped since no profile was found
[0m19:55:27.055795 [info ] [MainThread]: [31m2 checks failed:[0m
[0m19:55:27.055795 [info ] [MainThread]: dbt looked for a profiles.yml file in C:\Users\raaid\.dbt\profiles.yml, but did
not find one. For more information on configuring your profile, consult the
documentation:

https://docs.getdbt.com/docs/configure-your-profile


[0m19:55:27.056797 [info ] [MainThread]: Project loading failed for the following reason:
 project path <D:\Extras\Data Warehousing\The Complete dbt (Data Build Tool) Bootcamp - Zero to Hero - Udemy\Working Folder\dbt-working-repo-udemy\dbt_project.yml> not found

[0m19:55:27.057796 [debug] [MainThread]: Command `dbt debug` failed at 19:55:27.057796 after 0.15 seconds
[0m19:55:27.057796 [debug] [MainThread]: Sending event: {'category': 'dbt', 'action': 'invocation', 'label': 'end', 'context': [<snowplow_tracker.self_describing_json.SelfDescribingJson object at 0x00000114C8B71ED0>, <snowplow_tracker.self_describing_json.SelfDescribingJson object at 0x00000114C8898F50>, <snowplow_tracker.self_describing_json.SelfDescribingJson object at 0x00000114C8AF3AD0>]}
[0m19:55:27.058796 [debug] [MainThread]: Flushing usage events
[0m19:55:28.442700 [debug] [MainThread]: An error was encountered while trying to flush usage events
[0m22:25:46.109733 [debug] [MainThread]: Sending event: {'category': 'dbt', 'action': 'invocation', 'label': 'start', 'context': [<snowplow_tracker.self_describing_json.SelfDescribingJson object at 0x0000023CAC058CD0>, <snowplow_tracker.self_describing_json.SelfDescribingJson object at 0x0000023CB0403890>, <snowplow_tracker.self_describing_json.SelfDescribingJson object at 0x0000023CB000F510>]}


============================== 22:25:46.115350 | 0184b111-17dc-4968-941f-29117964d41a ==============================
[0m22:25:46.115350 [info ] [MainThread]: Running with dbt=1.11.2
[0m22:25:46.116244 [debug] [MainThread]: running dbt with arguments {'version_check': 'True', 'no_print': 'None', 'static_parser': 'True', 'target_path': 'None', 'warn_error_options': 'WarnErrorOptionsV2(error=[], warn=[], silence=[])', 'printer_width': '80', 'write_json': 'True', 'empty': 'False', 'log_cache_events': 'False', 'introspect': 'True', 'cache_selected_only': 'False', 'log_format': 'default', 'debug': 'False', 'fail_fast': 'False', 'profiles_dir': 'C:\\Users\\raaid\\.dbt', 'send_anonymous_usage_stats': 'True', 'quiet': 'False', 'warn_error': 'None', 'partial_parse': 'True', 'invocation_command': 'dbt run', 'use_colors': 'True', 'indirect_selection': 'eager', 'use_experimental_parser': 'False', 'log_path': 'logs'}
[0m22:25:46.116244 [error] [MainThread]: Encountered an error:
Runtime Error
  No dbt_project.yml found at expected path D:\Extras\Data Warehousing\The Complete dbt (Data Build Tool) Bootcamp - Zero to Hero - Udemy\Working Folder\dbt-working-repo-udemy\dbt_project.yml
  Verify that each entry within packages.yml (and their transitive dependencies) contains a file named dbt_project.yml
  
[0m22:25:46.117244 [debug] [MainThread]: Command `dbt run` failed at 22:25:46.117244 after 0.10 seconds
[0m22:25:46.117244 [debug] [MainThread]: Sending event: {'category': 'dbt', 'action': 'invocation', 'label': 'end', 'context': [<snowplow_tracker.self_describing_json.SelfDescribingJson object at 0x0000023CB0403210>, <snowplow_tracker.self_describing_json.SelfDescribingJson object at 0x0000023CA96C8A90>, <snowplow_tracker.self_describing_json.SelfDescribingJson object at 0x0000023CB0383B10>]}
[0m22:25:46.117244 [debug] [MainThread]: Flushing usage events
[0m22:25:47.577311 [debug] [MainThread]: An error was encountered while trying to flush usage events
[0m18:22:08.239968 [debug] [MainThread]: Sending event: {'category': 'dbt', 'action': 'invocation', 'label': 'start', 'context': [<snowplow_tracker.self_describing_json.SelfDescribingJson object at 0x0000027A75CF9310>, <snowplow_tracker.self_describing_json.SelfDescribingJson object at 0x0000027A7960E150>, <snowplow_tracker.self_describing_json.SelfDescribingJson object at 0x0000027A7960DE10>]}


============================== 18:22:08.255079 | 6059c5d1-ac7e-4a84-b6fd-cc6d22c5de8e ==============================
[0m18:22:08.255079 [info ] [MainThread]: Running with dbt=1.11.2
[0m18:22:08.256080 [debug] [MainThread]: running dbt with arguments {'version_check': 'True', 'no_print': 'None', 'static_parser': 'True', 'warn_error_options': 'WarnErrorOptionsV2(error=[], warn=[], silence=[])', 'target_path': 'None', 'printer_width': '80', 'write_json': 'True', 'introspect': 'True', 'log_cache_events': 'False', 'empty': 'False', 'cache_selected_only': 'False', 'log_format': 'default', 'debug': 'False', 'fail_fast': 'False', 'partial_parse': 'True', 'send_anonymous_usage_stats': 'True', 'quiet': 'False', 'warn_error': 'None', 'profiles_dir': 'C:\\Users\\raaid\\.dbt', 'invocation_command': 'dbt run', 'use_colors': 'True', 'indirect_selection': 'eager', 'use_experimental_parser': 'False', 'log_path': 'logs'}
[0m18:22:08.257079 [error] [MainThread]: Encountered an error:
Runtime Error
  No dbt_project.yml found at expected path D:\Extras\Data Warehousing\The Complete dbt (Data Build Tool) Bootcamp - Zero to Hero - Udemy\Working Folder\dbt-working-repo-udemy\dbt_project.yml
  Verify that each entry within packages.yml (and their transitive dependencies) contains a file named dbt_project.yml
  
[0m18:22:08.257079 [debug] [MainThread]: Command `dbt run` failed at 18:22:08.257079 after 0.08 seconds
[0m18:22:08.258102 [debug] [MainThread]: Sending event: {'category': 'dbt', 'action': 'invocation', 'label': 'end', 'context': [<snowplow_tracker.self_describing_json.SelfDescribingJson object at 0x0000027A795839D0>, <snowplow_tracker.self_describing_json.SelfDescribingJson object at 0x0000027A79583BD0>, <snowplow_tracker.self_describing_json.SelfDescribingJson object at 0x0000027A79583B10>]}
[0m18:22:08.258102 [debug] [MainThread]: Flushing usage events
[0m18:22:09.405494 [debug] [MainThread]: An error was encountered while trying to flush usage events
[0m22:20:58.795880 [debug] [MainThread]: Got an exception trying to initialize tracking


============================== 22:20:58.823992 | 78b1ca37-9508-47e0-b490-045701bae495 ==============================
[0m22:20:58.823992 [info ] [MainThread]: Running with dbt=1.11.2
[0m22:20:58.824995 [debug] [MainThread]: running dbt with arguments {'static_parser': 'True', 'no_print': 'None', 'version_check': 'True', 'warn_error_options': 'WarnErrorOptionsV2(error=[], warn=[], silence=[])', 'target_path': 'None', 'printer_width': '80', 'write_json': 'True', 'empty': 'None', 'log_cache_events': 'False', 'introspect': 'True', 'cache_selected_only': 'False', 'log_format': 'default', 'debug': 'False', 'fail_fast': 'False', 'partial_parse': 'True', 'send_anonymous_usage_stats': 'True', 'quiet': 'False', 'warn_error': 'None', 'profiles_dir': 'C:\\Users\\raaid\\.dbt', 'indirect_selection': 'eager', 'invocation_command': 'dbt run-operation learn_variables --vars {user_name: RaaidK47}', 'use_colors': 'True', 'use_experimental_parser': 'False', 'log_path': 'logs'}
[0m22:20:58.824995 [error] [MainThread]: Encountered an error:
Runtime Error
  No dbt_project.yml found at expected path D:\Extras\Data Warehousing\The Complete dbt (Data Build Tool) Bootcamp - Zero to Hero - Udemy\Working Folder\DBT-Course-Working-Repo-Udemy\dbt_project.yml
  Verify that each entry within packages.yml (and their transitive dependencies) contains a file named dbt_project.yml
  
[0m22:20:58.825994 [debug] [MainThread]: Command `dbt run-operation` failed at 22:20:58.825994 after 0.09 seconds
[0m22:20:58.827031 [debug] [MainThread]: Flushing usage events
